<?xml version="1.0" encoding="UTF-8"?>
<testsuite xmlns:xsi="http://www.w3.org/2001/XMLSchema-instance" xsi:noNamespaceSchemaLocation="https://maven.apache.org/surefire/maven-surefire-plugin/xsd/surefire-test-report-3.0.xsd" version="3.0" name="org.aion.ATSTokenContractTest" time="6.039" tests="25" errors="0" skipped="0" failures="0">
  <properties>
[...]
</properties>
  <testcase name="testOperatorSend2" classname="org.aion.ATSTokenContractTest" time="1.108"/>
  <testcase name="testBurn1" classname="org.aion.ATSTokenContractTest" time="0.345"/>
  <testcase name="testBurn2" classname="org.aion.ATSTokenContractTest" time="0.292"/>
  <testcase name="testSend1" classname="org.aion.ATSTokenContractTest" time="0.274"/>
  <testcase name="testSend2" classname="org.aion.ATSTokenContractTest" time="0.297"/>
  <testcase name="testSend3" classname="org.aion.ATSTokenContractTest" time="0.307"/>
  <testcase name="testSend4" classname="org.aion.ATSTokenContractTest" time="0.213"/>
  <testcase name="testSend5" classname="org.aion.ATSTokenContractTest" time="0.36"/>
  <testcase name="testRevokeOperator1" classname="org.aion.ATSTokenContractTest" time="0.243"/>
  <testcase name="testRevokeOperator2" classname="org.aion.ATSTokenContractTest" time="0.161"/>
  <testcase name="testRevokeOperator3" classname="org.aion.ATSTokenContractTest" time="0.234"/>
  <testcase name="testRevokeOperator4" classname="org.aion.ATSTokenContractTest" time="0.215"/>
  <testcase name="testRevokeOperator5" classname="org.aion.ATSTokenContractTest" time="0.154"/>
  <testcase name="testRevokeOperator6" classname="org.aion.ATSTokenContractTest" time="0.211"/>
  <testcase name="testRevokeOperator7" classname="org.aion.ATSTokenContractTest" time="0.164"/>
  <testcase name="testLiquidSupply" classname="org.aion.ATSTokenContractTest" time="0.128"/>
  <testcase name="testIsOperatorFor" classname="org.aion.ATSTokenContractTest" time="0.15"/>
  <testcase name="testInitialization" classname="org.aion.ATSTokenContractTest" time="0.151"/>
  <testcase name="testOperatorSend" classname="org.aion.ATSTokenContractTest" time="0.149"/>
  <testcase name="testAutorizeOperator1" classname="org.aion.ATSTokenContractTest" time="0.13"/>
  <testcase name="testAutorizeOperator2" classname="org.aion.ATSTokenContractTest" time="0.146"/>
  <testcase name="testAutorizeOperator3" classname="org.aion.ATSTokenContractTest" time="0.141"/>
  <testcase name="testAutorizeOperator4" classname="org.aion.ATSTokenContractTest" time="0.157"/>
  <testcase name="testAutorizeOperator5" classname="org.aion.ATSTokenContractTest" time="0.15"/>
  <testcase name="testGetBalanceOfNone" classname="org.aion.ATSTokenContractTest" time="0.127"/>
</testsuite>